<?xml version="1.0" encoding="UTF-8"?>
<testsuite name="ru.netology.MainKtTest2" tests="3" skipped="0" failures="0" errors="0" timestamp="2023-02-03T19:49:58" hostname="QLIKVIEW-PC" time="0.006">
  <properties/>
  <testcase name="mainInputCardMaster" classname="ru.netology.MainKtTest2" time="0.0"/>
  <testcase name="mainInputCardVKPay" classname="ru.netology.MainKtTest2" time="0.001"/>
  <testcase name="mainInputCardVisa" classname="ru.netology.MainKtTest2" time="0.005"/>
  <system-out><![CDATA[]]></system-out>
  <system-err><![CDATA[]]></system-err>
</testsuite>
